[10-Apr-2026 12:22:32 UTC] PHP Fatal error:  Uncaught ErrorException: session_start(): Session cannot be started after headers have already been sent (sent from Command line code on line 1) in /Users/a10/Library/CloudStorage/GoogleDrive-n.uyenvo1911@gmail.com/My Drive/sanh/git/hesemeqms/mom/api.php:13297
Stack trace:
#0 [internal function]: {closure:/Users/a10/Library/CloudStorage/GoogleDrive-n.uyenvo1911@gmail.com/My Drive/sanh/git/hesemeqms/mom/api.php:161}(2, 'session_start()...', '/Users/a10/Libr...', 13297)
#1 /Users/a10/Library/CloudStorage/GoogleDrive-n.uyenvo1911@gmail.com/My Drive/sanh/git/hesemeqms/mom/api.php(13297): session_start()
#2 Command line code(1): session_init()
#3 {main}
  thrown in /Users/a10/Library/CloudStorage/GoogleDrive-n.uyenvo1911@gmail.com/My Drive/sanh/git/hesemeqms/mom/api.php on line 13297
[10-Apr-2026 12:22:32 UTC] FATAL: {"type":1,"message":"Uncaught ErrorException: session_start(): Session cannot be started after headers have already been sent (sent from Command line code on line 1) in /Users/a10/Library/CloudStorage/GoogleDrive-n.uyenvo1911@gmail.com/My Drive/sanh/git/hesemeqms/mom/api.php:13297\nStack trace:\n#0 [internal function]: {closure:/Users/a10/Library/CloudStorage/GoogleDrive-n.uyenvo1911@gmail.com/My Drive/sanh/git/hesemeqms/mom/api.php:161}(2, 'session_start()...', '/Users/a10/Libr...', 13297)\n#1 /Users/a10/Library/CloudStorage/GoogleDrive-n.uyenvo1911@gmail.com/My Drive/sanh/git/hesemeqms/mom/api.php(13297): session_start()\n#2 Command line code(1): session_init()\n#3 {main}\n  thrown","file":"/Users/a10/Library/CloudStorage/GoogleDrive-n.uyenvo1911@gmail.com/My Drive/sanh/git/hesemeqms/mom/api.php","line":13297}
[10-Apr-2026 12:23:38 UTC] PHP Deprecated:  Method ReflectionMethod::setAccessible() is deprecated since 8.5, as it has no effect since PHP 8.1 in /Users/a10/Library/CloudStorage/GoogleDrive-n.uyenvo1911@gmail.com/My Drive/sanh/git/hesemeqms/mom/tests/data_schema_admin_smoke.php on line 191
[10-Apr-2026 12:23:38 UTC] PHP Deprecated:  Method ReflectionProperty::setAccessible() is deprecated since 8.5, as it has no effect since PHP 8.1 in /Users/a10/Library/CloudStorage/GoogleDrive-n.uyenvo1911@gmail.com/My Drive/sanh/git/hesemeqms/mom/tests/data_schema_admin_smoke.php on line 79
[10-Apr-2026 12:23:38 UTC] PHP Deprecated:  Method ReflectionProperty::setAccessible() is deprecated since 8.5, as it has no effect since PHP 8.1 in /Users/a10/Library/CloudStorage/GoogleDrive-n.uyenvo1911@gmail.com/My Drive/sanh/git/hesemeqms/mom/tests/data_schema_admin_smoke.php on line 79
[10-Apr-2026 12:23:39 UTC] FATAL: {"type":8192,"message":"ini_set(): Disabling session.use_only_cookies INI setting is deprecated","file":"/Users/a10/Library/CloudStorage/GoogleDrive-n.uyenvo1911@gmail.com/My Drive/sanh/git/hesemeqms/mom/api.php","line":13262}
[10-Apr-2026 12:23:39 UTC] PHP Deprecated:  Method ReflectionProperty::setAccessible() is deprecated since 8.5, as it has no effect since PHP 8.1 in /Users/a10/Library/CloudStorage/GoogleDrive-n.uyenvo1911@gmail.com/My Drive/sanh/git/hesemeqms/mom/tests/data_schema_admin_smoke.php on line 79
[10-Apr-2026 12:23:39 UTC] FATAL: {"type":8192,"message":"Method ReflectionProperty::setAccessible() is deprecated since 8.5, as it has no effect since PHP 8.1","file":"/Users/a10/Library/CloudStorage/GoogleDrive-n.uyenvo1911@gmail.com/My Drive/sanh/git/hesemeqms/mom/tests/data_schema_admin_smoke.php","line":79}
[11-Apr-2026 01:51:56 UTC] PHP Deprecated:  Method ReflectionMethod::setAccessible() is deprecated since 8.5, as it has no effect since PHP 8.1 in /Users/a10/Library/CloudStorage/GoogleDrive-n.uyenvo1911@gmail.com/My Drive/sanh/git/hesemeqms/mom/tests/data_schema_admin_smoke.php on line 191
[11-Apr-2026 01:51:56 UTC] PHP Fatal error:  Uncaught RuntimeException: Backdate exception expiry must be in the future. in /Users/a10/Library/CloudStorage/GoogleDrive-n.uyenvo1911@gmail.com/My Drive/sanh/git/hesemeqms/mom/api/services/FinanceControlService.php:220
Stack trace:
#0 /Users/a10/Library/CloudStorage/GoogleDrive-n.uyenvo1911@gmail.com/My Drive/sanh/git/hesemeqms/mom/tests/backend_smoke.php(1088): MOM\Services\FinanceControlService->createBackdateException(Array, 'finance-user')
#1 {main}
  thrown in /Users/a10/Library/CloudStorage/GoogleDrive-n.uyenvo1911@gmail.com/My Drive/sanh/git/hesemeqms/mom/api/services/FinanceControlService.php on line 220
[11-Apr-2026 01:51:56 UTC] FATAL: {"type":1,"message":"Uncaught RuntimeException: Backdate exception expiry must be in the future. in /Users/a10/Library/CloudStorage/GoogleDrive-n.uyenvo1911@gmail.com/My Drive/sanh/git/hesemeqms/mom/api/services/FinanceControlService.php:220\nStack trace:\n#0 /Users/a10/Library/CloudStorage/GoogleDrive-n.uyenvo1911@gmail.com/My Drive/sanh/git/hesemeqms/mom/tests/backend_smoke.php(1088): MOM\\Services\\FinanceControlService->createBackdateException(Array, 'finance-user')\n#1 {main}\n  thrown","file":"/Users/a10/Library/CloudStorage/GoogleDrive-n.uyenvo1911@gmail.com/My Drive/sanh/git/hesemeqms/mom/api/services/FinanceControlService.php","line":220}
[11-Apr-2026 01:51:57 UTC] PHP Deprecated:  Method ReflectionProperty::setAccessible() is deprecated since 8.5, as it has no effect since PHP 8.1 in /Users/a10/Library/CloudStorage/GoogleDrive-n.uyenvo1911@gmail.com/My Drive/sanh/git/hesemeqms/mom/tests/data_schema_admin_smoke.php on line 79
[11-Apr-2026 01:51:57 UTC] PHP Deprecated:  Method ReflectionProperty::setAccessible() is deprecated since 8.5, as it has no effect since PHP 8.1 in /Users/a10/Library/CloudStorage/GoogleDrive-n.uyenvo1911@gmail.com/My Drive/sanh/git/hesemeqms/mom/tests/data_schema_admin_smoke.php on line 79
[11-Apr-2026 01:51:57 UTC] PHP Deprecated:  Method ReflectionProperty::setAccessible() is deprecated since 8.5, as it has no effect since PHP 8.1 in /Users/a10/Library/CloudStorage/GoogleDrive-n.uyenvo1911@gmail.com/My Drive/sanh/git/hesemeqms/mom/tests/data_schema_admin_smoke.php on line 79
[11-Apr-2026 01:51:57 UTC] FATAL: {"type":8192,"message":"Method ReflectionProperty::setAccessible() is deprecated since 8.5, as it has no effect since PHP 8.1","file":"/Users/a10/Library/CloudStorage/GoogleDrive-n.uyenvo1911@gmail.com/My Drive/sanh/git/hesemeqms/mom/tests/data_schema_admin_smoke.php","line":79}
[11-Apr-2026 01:52:09 UTC] PHP Fatal error:  Uncaught RuntimeException: Backdate exception expiry must be in the future. in /Users/a10/Library/CloudStorage/GoogleDrive-n.uyenvo1911@gmail.com/My Drive/sanh/git/hesemeqms/mom/api/services/FinanceControlService.php:220
Stack trace:
#0 /Users/a10/Library/CloudStorage/GoogleDrive-n.uyenvo1911@gmail.com/My Drive/sanh/git/hesemeqms/mom/tests/backend_smoke.php(1088): MOM\Services\FinanceControlService->createBackdateException(Array, 'finance-user')
#1 {main}
  thrown in /Users/a10/Library/CloudStorage/GoogleDrive-n.uyenvo1911@gmail.com/My Drive/sanh/git/hesemeqms/mom/api/services/FinanceControlService.php on line 220
[11-Apr-2026 01:52:09 UTC] FATAL: {"type":1,"message":"Uncaught RuntimeException: Backdate exception expiry must be in the future. in /Users/a10/Library/CloudStorage/GoogleDrive-n.uyenvo1911@gmail.com/My Drive/sanh/git/hesemeqms/mom/api/services/FinanceControlService.php:220\nStack trace:\n#0 /Users/a10/Library/CloudStorage/GoogleDrive-n.uyenvo1911@gmail.com/My Drive/sanh/git/hesemeqms/mom/tests/backend_smoke.php(1088): MOM\\Services\\FinanceControlService->createBackdateException(Array, 'finance-user')\n#1 {main}\n  thrown","file":"/Users/a10/Library/CloudStorage/GoogleDrive-n.uyenvo1911@gmail.com/My Drive/sanh/git/hesemeqms/mom/api/services/FinanceControlService.php","line":220}
[11-Apr-2026 01:53:19 UTC] PHP Deprecated:  Method ReflectionMethod::setAccessible() is deprecated since 8.5, as it has no effect since PHP 8.1 in /Users/a10/Library/CloudStorage/GoogleDrive-n.uyenvo1911@gmail.com/My Drive/sanh/git/hesemeqms/mom/tests/data_schema_admin_smoke.php on line 191
[11-Apr-2026 01:53:20 UTC] PHP Deprecated:  Method ReflectionProperty::setAccessible() is deprecated since 8.5, as it has no effect since PHP 8.1 in /Users/a10/Library/CloudStorage/GoogleDrive-n.uyenvo1911@gmail.com/My Drive/sanh/git/hesemeqms/mom/tests/data_schema_admin_smoke.php on line 79
[11-Apr-2026 01:53:20 UTC] PHP Deprecated:  Method ReflectionProperty::setAccessible() is deprecated since 8.5, as it has no effect since PHP 8.1 in /Users/a10/Library/CloudStorage/GoogleDrive-n.uyenvo1911@gmail.com/My Drive/sanh/git/hesemeqms/mom/tests/data_schema_admin_smoke.php on line 79
[11-Apr-2026 01:53:20 UTC] PHP Deprecated:  Method ReflectionProperty::setAccessible() is deprecated since 8.5, as it has no effect since PHP 8.1 in /Users/a10/Library/CloudStorage/GoogleDrive-n.uyenvo1911@gmail.com/My Drive/sanh/git/hesemeqms/mom/tests/data_schema_admin_smoke.php on line 79
[11-Apr-2026 01:53:20 UTC] FATAL: {"type":8192,"message":"Method ReflectionProperty::setAccessible() is deprecated since 8.5, as it has no effect since PHP 8.1","file":"/Users/a10/Library/CloudStorage/GoogleDrive-n.uyenvo1911@gmail.com/My Drive/sanh/git/hesemeqms/mom/tests/data_schema_admin_smoke.php","line":79}
[11-Apr-2026 01:53:20 UTC] FATAL: {"type":8192,"message":"ini_set(): Disabling session.use_only_cookies INI setting is deprecated","file":"/Users/a10/Library/CloudStorage/GoogleDrive-n.uyenvo1911@gmail.com/My Drive/sanh/git/hesemeqms/mom/api.php","line":13262}
[11-Apr-2026 02:11:35 UTC] PHP Deprecated:  Method ReflectionMethod::setAccessible() is deprecated since 8.5, as it has no effect since PHP 8.1 in /Users/a10/Library/CloudStorage/GoogleDrive-n.uyenvo1911@gmail.com/My Drive/sanh/git/hesemeqms/mom/tests/data_schema_admin_smoke.php on line 196
[11-Apr-2026 02:11:36 UTC] PHP Deprecated:  Method ReflectionProperty::setAccessible() is deprecated since 8.5, as it has no effect since PHP 8.1 in /Users/a10/Library/CloudStorage/GoogleDrive-n.uyenvo1911@gmail.com/My Drive/sanh/git/hesemeqms/mom/tests/data_schema_admin_smoke.php on line 79
[11-Apr-2026 02:11:36 UTC] PHP Deprecated:  Method ReflectionProperty::setAccessible() is deprecated since 8.5, as it has no effect since PHP 8.1 in /Users/a10/Library/CloudStorage/GoogleDrive-n.uyenvo1911@gmail.com/My Drive/sanh/git/hesemeqms/mom/tests/data_schema_admin_smoke.php on line 79
[11-Apr-2026 02:11:36 UTC] PHP Deprecated:  Method ReflectionProperty::setAccessible() is deprecated since 8.5, as it has no effect since PHP 8.1 in /Users/a10/Library/CloudStorage/GoogleDrive-n.uyenvo1911@gmail.com/My Drive/sanh/git/hesemeqms/mom/tests/data_schema_admin_smoke.php on line 79
[11-Apr-2026 02:11:36 UTC] FATAL: {"type":8192,"message":"Method ReflectionProperty::setAccessible() is deprecated since 8.5, as it has no effect since PHP 8.1","file":"/Users/a10/Library/CloudStorage/GoogleDrive-n.uyenvo1911@gmail.com/My Drive/sanh/git/hesemeqms/mom/tests/data_schema_admin_smoke.php","line":79}
[11-Apr-2026 02:11:37 UTC] FATAL: {"type":8192,"message":"ini_set(): Disabling session.use_only_cookies INI setting is deprecated","file":"/Users/a10/Library/CloudStorage/GoogleDrive-n.uyenvo1911@gmail.com/My Drive/sanh/git/hesemeqms/mom/api.php","line":13262}
[11-Apr-2026 02:15:12 UTC] PHP Deprecated:  Method ReflectionMethod::setAccessible() is deprecated since 8.5, as it has no effect since PHP 8.1 in /Users/a10/Library/CloudStorage/GoogleDrive-n.uyenvo1911@gmail.com/My Drive/sanh/git/hesemeqms/mom/tests/data_schema_admin_smoke.php on line 196
[11-Apr-2026 02:15:13 UTC] PHP Deprecated:  Method ReflectionProperty::setAccessible() is deprecated since 8.5, as it has no effect since PHP 8.1 in /Users/a10/Library/CloudStorage/GoogleDrive-n.uyenvo1911@gmail.com/My Drive/sanh/git/hesemeqms/mom/tests/data_schema_admin_smoke.php on line 79
[11-Apr-2026 02:15:13 UTC] PHP Deprecated:  Method ReflectionProperty::setAccessible() is deprecated since 8.5, as it has no effect since PHP 8.1 in /Users/a10/Library/CloudStorage/GoogleDrive-n.uyenvo1911@gmail.com/My Drive/sanh/git/hesemeqms/mom/tests/data_schema_admin_smoke.php on line 79
[11-Apr-2026 02:15:13 UTC] PHP Deprecated:  Method ReflectionProperty::setAccessible() is deprecated since 8.5, as it has no effect since PHP 8.1 in /Users/a10/Library/CloudStorage/GoogleDrive-n.uyenvo1911@gmail.com/My Drive/sanh/git/hesemeqms/mom/tests/data_schema_admin_smoke.php on line 79
[11-Apr-2026 02:15:13 UTC] FATAL: {"type":8192,"message":"Method ReflectionProperty::setAccessible() is deprecated since 8.5, as it has no effect since PHP 8.1","file":"/Users/a10/Library/CloudStorage/GoogleDrive-n.uyenvo1911@gmail.com/My Drive/sanh/git/hesemeqms/mom/tests/data_schema_admin_smoke.php","line":79}
[11-Apr-2026 02:15:14 UTC] FATAL: {"type":8192,"message":"ini_set(): Disabling session.use_only_cookies INI setting is deprecated","file":"/Users/a10/Library/CloudStorage/GoogleDrive-n.uyenvo1911@gmail.com/My Drive/sanh/git/hesemeqms/mom/api.php","line":13262}
