shell-init: error retrieving current directory: getcwd: cannot access parent directories: Operation not permitted
/bin/bash: /Users/a10/Documents/mom/tools/scripts/ai-index/run-daily.sh: Operation not permitted
AI Index Generator — HESEM MOM ERP
Repo root: /Users/a10/Documents/mom
────────────────────────────────────────────────────────────
  Parsed 43 controllers
  Parsed 83 services
  Parsed 5 middleware
  Routes: 451 action, 153 REST
  Migrations: 97, Tables: 659
  Contracts: 67 across 12 domains
────────────────────────────────────────────────────────────
Writing .ai/ index files...
────────────────────────────────────────────────────────────
Writing module summary stubs (skipped if file exists)...
  Created 0 new stub(s) in .ai/module-summaries/
────────────────────────────────────────────────────────────
Done. Index written to .ai/
  repo-map.json     — 43 controllers, 83 services
  route-map.json    — 451 action routes, 153 REST routes
  db-map.json       — 659 tables from 97 migrations
  symbols.json      — 131 PHP classes indexed
  contracts-map.json— 67 contracts across 12 domains
  module-summaries/ — 12 domain files

Re-run: php tools/scripts/ai-index/generate.php
Or:     composer --working-dir=mom run ai:index
