{"action":"knowledge_list","user":"anonymous","ip":"::1","method":"GET","uri":"/01-QMS-Portal/api/index.php?action=knowledge_list","timestamp":"2026-04-01T05:51:27+00:00","request":{"query":{"action":"knowledge_list"},"body_keys":[]},"response_code":401,"duration_ms":2.79}
{"action":"knowledge_list","user":"anonymous","ip":"::1","method":"GET","uri":"/01-QMS-Portal/api.php?action=knowledge_list","timestamp":"2026-04-01T05:52:36+00:00","request":{"query":{"action":"knowledge_list"},"body_keys":[]},"response_code":401,"duration_ms":2.03}
{"action":"energy_overview","user":"anonymous","ip":"::1","method":"GET","uri":"/01-QMS-Portal/api.php?action=energy_overview","timestamp":"2026-04-01T05:52:54+00:00","request":{"query":{"action":"energy_overview"},"body_keys":[]},"response_code":401,"duration_ms":2.03}
{"action":"ci_dashboard","user":"anonymous","ip":"::1","method":"GET","uri":"/01-QMS-Portal/api.php?action=ci_dashboard","timestamp":"2026-04-01T05:52:54+00:00","request":{"query":{"action":"ci_dashboard"},"body_keys":[]},"response_code":401,"duration_ms":2.23}
{"action":"cnc_program_list","user":"anonymous","ip":"::1","method":"GET","uri":"/01-QMS-Portal/api.php?action=cnc_program_list","timestamp":"2026-04-01T05:52:54+00:00","request":{"query":{"action":"cnc_program_list"},"body_keys":[]},"response_code":401,"duration_ms":3.41}
{"action":"product_passport_list","user":"anonymous","ip":"::1","method":"GET","uri":"/01-QMS-Portal/api.php?action=product_passport_list","timestamp":"2026-04-01T05:52:54+00:00","request":{"query":{"action":"product_passport_list"},"body_keys":[]},"response_code":401,"duration_ms":1.86}
{"action":"compliance_report_types","user":"anonymous","ip":"::1","method":"GET","uri":"/01-QMS-Portal/api.php?action=compliance_report_types","timestamp":"2026-04-01T05:52:54+00:00","request":{"query":{"action":"compliance_report_types"},"body_keys":[]},"response_code":401,"duration_ms":2.05}
{"action":"ai_dashboard","user":"anonymous","ip":"::1","method":"GET","uri":"/01-QMS-Portal/api.php?action=ai_dashboard","timestamp":"2026-04-01T05:52:54+00:00","request":{"query":{"action":"ai_dashboard"},"body_keys":[]},"response_code":401,"duration_ms":2.97}
{"action":"fmea_list","user":"anonymous","ip":"::1","method":"GET","uri":"/01-QMS-Portal/api.php?action=fmea_list","timestamp":"2026-04-01T05:52:54+00:00","request":{"query":{"action":"fmea_list"},"body_keys":[]},"response_code":401,"duration_ms":2.5}
{"action":"apqp_dashboard","user":"anonymous","ip":"::1","method":"GET","uri":"/01-QMS-Portal/api.php?action=apqp_dashboard","timestamp":"2026-04-01T05:52:54+00:00","request":{"query":{"action":"apqp_dashboard"},"body_keys":[]},"response_code":401,"duration_ms":2.13}
{"action":"mobile_shop_overview","user":"anonymous","ip":"::1","method":"GET","uri":"/01-QMS-Portal/api.php?action=mobile_shop_overview","timestamp":"2026-04-01T05:52:54+00:00","request":{"query":{"action":"mobile_shop_overview"},"body_keys":[]},"response_code":401,"duration_ms":1.88}
{"action":"quality_exception_copq","user":"anonymous","ip":"::1","method":"GET","uri":"/01-QMS-Portal/api.php?action=quality_exception_copq","timestamp":"2026-04-01T06:20:52+00:00","request":{"query":{"action":"quality_exception_copq"},"body_keys":[]},"response_code":401,"duration_ms":4.16}
{"action":"quality_exception_list","user":"anonymous","ip":"::1","method":"GET","uri":"/01-QMS-Portal/api.php?action=quality_exception_list","timestamp":"2026-04-01T06:20:52+00:00","request":{"query":{"action":"quality_exception_list"},"body_keys":[]},"response_code":401,"duration_ms":4.66}
{"action":"quality_exception_kpi","user":"anonymous","ip":"::1","method":"GET","uri":"/01-QMS-Portal/api.php?action=quality_exception_kpi","timestamp":"2026-04-01T06:20:52+00:00","request":{"query":{"action":"quality_exception_kpi"},"body_keys":[]},"response_code":401,"duration_ms":3.4}
{"action":"supplier_quality_data","user":"anonymous","ip":"::1","method":"GET","uri":"/01-QMS-Portal/api.php?action=supplier_quality_data","timestamp":"2026-04-01T06:20:52+00:00","request":{"query":{"action":"supplier_quality_data"},"body_keys":[]},"response_code":401,"duration_ms":3.65}
{"action":"supplier_asl_create","user":"anonymous","ip":"::1","method":"GET","uri":"/01-QMS-Portal/api.php?action=supplier_asl_create","timestamp":"2026-04-01T06:20:52+00:00","request":{"query":{"action":"supplier_asl_create"},"body_keys":[]},"response_code":401,"duration_ms":2.96}
{"action":"quote_kpi","user":"anonymous","ip":"::1","method":"GET","uri":"/01-QMS-Portal/api.php?action=quote_kpi","timestamp":"2026-04-01T06:20:52+00:00","request":{"query":{"action":"quote_kpi"},"body_keys":[]},"response_code":401,"duration_ms":2.98}
{"action":"quote_save","user":"anonymous","ip":"::1","method":"GET","uri":"/01-QMS-Portal/api.php?action=quote_save","timestamp":"2026-04-01T06:20:52+00:00","request":{"query":{"action":"quote_save"},"body_keys":[]},"response_code":401,"duration_ms":1.82}
{"action":"customer_portal_data","user":"anonymous","ip":"::1","method":"GET","uri":"/01-QMS-Portal/api.php?action=customer_portal_data","timestamp":"2026-04-01T06:20:52+00:00","request":{"query":{"action":"customer_portal_data"},"body_keys":[]},"response_code":401,"duration_ms":1.94}
{"action":"customer_portal_grant_access","user":"anonymous","ip":"::1","method":"GET","uri":"/01-QMS-Portal/api.php?action=customer_portal_grant_access","timestamp":"2026-04-01T06:20:52+00:00","request":{"query":{"action":"customer_portal_grant_access"},"body_keys":[]},"response_code":401,"duration_ms":2.77}
{"action":"cnc_program_data","user":"anonymous","ip":"::1","method":"GET","uri":"/01-QMS-Portal/api.php?action=cnc_program_data","timestamp":"2026-04-01T06:20:53+00:00","request":{"query":{"action":"cnc_program_data"},"body_keys":[]},"response_code":401,"duration_ms":3.56}
{"action":"cnc_setup_sheet_create","user":"anonymous","ip":"::1","method":"GET","uri":"/01-QMS-Portal/api.php?action=cnc_setup_sheet_create","timestamp":"2026-04-01T06:20:53+00:00","request":{"query":{"action":"cnc_setup_sheet_create"},"body_keys":[]},"response_code":401,"duration_ms":2.8}
{"action":"product_passport_data","user":"anonymous","ip":"::1","method":"GET","uri":"/01-QMS-Portal/api.php?action=product_passport_data","timestamp":"2026-04-01T06:20:53+00:00","request":{"query":{"action":"product_passport_data"},"body_keys":[]},"response_code":401,"duration_ms":2.17}
{"action":"product_passport_transition","user":"anonymous","ip":"::1","method":"GET","uri":"/01-QMS-Portal/api.php?action=product_passport_transition","timestamp":"2026-04-01T06:20:53+00:00","request":{"query":{"action":"product_passport_transition"},"body_keys":[]},"response_code":401,"duration_ms":1.94}
{"action":"ai_quality_scheduling_data","user":"anonymous","ip":"::1","method":"GET","uri":"/01-QMS-Portal/api.php?action=ai_quality_scheduling_data","timestamp":"2026-04-01T06:20:53+00:00","request":{"query":{"action":"ai_quality_scheduling_data"},"body_keys":[]},"response_code":401,"duration_ms":3.47}
{"action":"schedule_promise_calculate","user":"anonymous","ip":"::1","method":"GET","uri":"/01-QMS-Portal/api.php?action=schedule_promise_calculate","timestamp":"2026-04-01T06:20:53+00:00","request":{"query":{"action":"schedule_promise_calculate"},"body_keys":[]},"response_code":401,"duration_ms":2.18}
{"action":"compliance_report_list","user":"anonymous","ip":"::1","method":"GET","uri":"/01-QMS-Portal/api.php?action=compliance_report_list","timestamp":"2026-04-01T06:20:53+00:00","request":{"query":{"action":"compliance_report_list"},"body_keys":[]},"response_code":401,"duration_ms":2.08}
{"action":"fmea_save","user":"anonymous","ip":"::1","method":"GET","uri":"/01-QMS-Portal/api.php?action=fmea_save","timestamp":"2026-04-01T06:20:53+00:00","request":{"query":{"action":"fmea_save"},"body_keys":[]},"response_code":401,"duration_ms":2.6}
{"action":"cp_detail","user":"anonymous","ip":"::1","method":"GET","uri":"/01-QMS-Portal/api.php?action=cp_detail","timestamp":"2026-04-01T06:20:53+00:00","request":{"query":{"action":"cp_detail"},"body_keys":[]},"response_code":401,"duration_ms":3.23}
{"action":"cp_auto_generate","user":"anonymous","ip":"::1","method":"GET","uri":"/01-QMS-Portal/api.php?action=cp_auto_generate","timestamp":"2026-04-01T06:20:53+00:00","request":{"query":{"action":"cp_auto_generate"},"body_keys":[]},"response_code":401,"duration_ms":3.99}
{"action":"ppap_create","user":"anonymous","ip":"::1","method":"GET","uri":"/01-QMS-Portal/api.php?action=ppap_create","timestamp":"2026-04-01T06:20:53+00:00","request":{"query":{"action":"ppap_create"},"body_keys":[]},"response_code":401,"duration_ms":4.23}
{"action":"ppap_update_element","user":"anonymous","ip":"::1","method":"GET","uri":"/01-QMS-Portal/api.php?action=ppap_update_element","timestamp":"2026-04-01T06:20:53+00:00","request":{"query":{"action":"ppap_update_element"},"body_keys":[]},"response_code":401,"duration_ms":3.58}
{"action":"mobile_queue","user":"anonymous","ip":"::1","method":"GET","uri":"/01-QMS-Portal/api.php?action=mobile_queue","timestamp":"2026-04-01T06:20:53+00:00","request":{"query":{"action":"mobile_queue"},"body_keys":[]},"response_code":401,"duration_ms":3.16}
{"action":"mobile_sync","user":"anonymous","ip":"::1","method":"GET","uri":"/01-QMS-Portal/api.php?action=mobile_sync","timestamp":"2026-04-01T06:20:54+00:00","request":{"query":{"action":"mobile_sync"},"body_keys":[]},"response_code":401,"duration_ms":2.24}
